<?xml version="1.0" encoding="UTF-8"?>
<!-- Generated by org.testng.reporters.JUnitXMLReporter -->
<testsuite hostname="RAKESH-PC" ignored="2" name="Test" tests="2" failures="0" timestamp="2021-09-04T09:36:05 IST" time="0.256" errors="0">
  <testcase name="@BeforeClass configBC" time="-1.630728365478E9" classname="com.vtiger.comcast.genericutility.BaseClass">
    <failure type="org.testng.TestNGException" message="
Parameter &amp;apos;BROWSER&amp;apos; is required by BeforeClass on method configBC but has not been marked @Optional or defined
in E:\slenium\testyantra\testng.xml">
      <![CDATA[org.testng.TestNGException: 
Parameter 'BROWSER' is required by BeforeClass on method configBC but has not been marked @Optional or defined
in E:\slenium\testyantra\testng.xml
at java.util.ArrayList.forEach(ArrayList.java:1259)
... Removed 22 stack frames]]>
    </failure>
  </testcase> <!-- @BeforeClass configBC -->
  <testcase name="@BeforeMethod configBM" time="-1.630728365611E9" classname="com.vtiger.comcast.genericutility.BaseClass">
    <skipped/>
  </testcase> <!-- @BeforeMethod configBM -->
  <testcase name="@AfterMethod configAM" time="-1.63072836563E9" classname="com.vtiger.comcast.genericutility.BaseClass">
    <skipped/>
  </testcase> <!-- @AfterMethod configAM -->
  <testcase name="@AfterClass configAC" time="-1.630728365636E9" classname="com.vtiger.comcast.genericutility.BaseClass">
    <skipped/>
  </testcase> <!-- @AfterClass configAC -->
  <testcase name="@BeforeClass configBC" time="-1.630728365644E9" classname="com.vtiger.comcast.genericutility.BaseClass">
    <failure type="org.testng.TestNGException" message="
Parameter &amp;apos;BROWSER&amp;apos; is required by BeforeClass on method configBC but has not been marked @Optional or defined
in E:\slenium\testyantra\testng.xml">
      <![CDATA[org.testng.TestNGException: 
Parameter 'BROWSER' is required by BeforeClass on method configBC but has not been marked @Optional or defined
in E:\slenium\testyantra\testng.xml
at java.util.ArrayList.forEach(ArrayList.java:1259)
... Removed 22 stack frames]]>
    </failure>
  </testcase> <!-- @BeforeClass configBC -->
  <testcase name="@BeforeMethod configBM" time="-1.630728365653E9" classname="com.vtiger.comcast.genericutility.BaseClass">
    <skipped/>
  </testcase> <!-- @BeforeMethod configBM -->
  <testcase name="@AfterMethod configAM" time="-1.630728365667E9" classname="com.vtiger.comcast.genericutility.BaseClass">
    <skipped/>
  </testcase> <!-- @AfterMethod configAM -->
  <testcase name="@AfterClass configAC" time="-1.630728365671E9" classname="com.vtiger.comcast.genericutility.BaseClass">
    <skipped/>
  </testcase> <!-- @AfterClass configAC -->
  <testcase name="createnewproducttest" time="0.0" classname="productpage.createnewproductstocktest">
    <skipped/>
  </testcase> <!-- createnewproducttest -->
  <testcase name="createpagetest" time="0.0" classname="productpage.createproductpagetest">
    <skipped/>
  </testcase> <!-- createpagetest -->
  <testcase name="@BeforeSuite configBS" time="0.0" classname="com.vtiger.comcast.genericutility.BaseClass">
    <ignored/>
  </testcase> <!-- @BeforeSuite configBS -->
  <testcase name="@AfterSuite configAS" time="0.0" classname="com.vtiger.comcast.genericutility.BaseClass">
    <ignored/>
  </testcase> <!-- @AfterSuite configAS -->
</testsuite> <!-- Test -->
